<?xml version="1.0" encoding="UTF-8"?>
<testsuite name="AppTest" tests="1" skipped="0" failures="0" errors="0" timestamp="2024-04-02T08:04:04" hostname="MBP-Renat" time="0.01">
  <properties/>
  <testcase name="testTransferToSelf()" classname="AppTest" time="0.01"/>
  <system-out><![CDATA[Cannot transfer funds to the same account.
]]></system-out>
  <system-err><![CDATA[]]></system-err>
</testsuite>
