<?xml version="1.0" encoding="UTF-8"?>
<testsuite name="AppTest" tests="1" skipped="0" failures="0" errors="0" timestamp="2024-04-03T08:48:54" hostname="MBP-Renat" time="0.011">
  <properties/>
  <testcase name="testTransferToSelf()" classname="AppTest" time="0.011"/>
  <system-out><![CDATA[Cannot transfer funds to the same account.
]]></system-out>
  <system-err><![CDATA[]]></system-err>
</testsuite>
